GROUP,PACKAGE,CLASS,INSTRUCTION_MISSED,INSTRUCTION_COVERED,BRANCH_MISSED,BRANCH_COVERED,LINE_MISSED,LINE_COVERED,COMPLEXITY_MISSED,COMPLEXITY_COVERED,METHOD_MISSED,METHOD_COVERED
System Test Coverage,onetoone.RoutineTracker,RoutineController,5,69,0,2,0,18,1,8,1,7
System Test Coverage,onetoone.RoutineTracker,RoutineService,35,66,5,3,7,19,5,3,1,3
System Test Coverage,onetoone.RoutineTracker,RoutineCheckIn,0,17,0,0,0,7,0,5,0,5
System Test Coverage,onetoone.RoutineTracker,Routine,4,57,0,0,2,23,1,15,1,15
System Test Coverage,onetoone.Prescription,PrescriptionController,7,29,0,0,2,6,0,3,0,3
System Test Coverage,onetoone.Prescription,MedicationType,21,0,0,0,2,0,1,0,1,0
System Test Coverage,onetoone.Prescription,PrescriptionService,15,57,3,3,1,15,5,3,2,3
System Test Coverage,onetoone.Prescription,Prescription,4,72,0,0,2,30,1,20,1,20
System Test Coverage,onetoone.Prescription,MedicationCheckIn,28,3,0,0,12,1,8,1,8,1
System Test Coverage,onetoone.Counsellors,CounsellorStatus,0,21,0,0,0,4,0,1,0,1
System Test Coverage,onetoone.Counsellors,CounsellorProfileService,121,81,12,0,20,19,11,5,5,5
System Test Coverage,onetoone.Counsellors,CounsellorProfileController,60,257,10,14,12,60,8,13,0,9
System Test Coverage,onetoone.Counsellors,CounsellorProfile,16,80,4,4,4,20,4,22,2,20
System Test Coverage,onetoone.Tasks.dto,TaskUpdateRequest,4,27,0,0,2,8,1,8,1,8
System Test Coverage,onetoone.Tasks.dto,TaskStatusRequest,0,10,0,0,0,3,0,3,0,3
System Test Coverage,onetoone.Tasks.dto,TaskResponse,24,52,0,0,7,15,6,8,6,8
System Test Coverage,onetoone.Tasks.dto,TaskCreateRequest,4,34,0,0,2,10,1,10,1,10
System Test Coverage,onetoone,Main,0,8,0,0,0,3,0,2,0,2
System Test Coverage,onetoone.Notification,NotificationService,10,68,0,0,3,18,2,5,2,5
System Test Coverage,onetoone.Notification,NotificationController,0,17,0,0,0,6,0,3,0,3
System Test Coverage,onetoone.Notification,Notification,20,40,0,0,10,16,5,8,5,8
System Test Coverage,onetoone.Notification,WebSocket,0,39,0,0,0,7,0,3,0,3
System Test Coverage,onetoone.Notification,NotificationType,0,15,0,0,0,3,0,1,0,1
System Test Coverage,onetoone.Notification,NotificationMessage,15,21,0,0,7,8,4,4,4,4
System Test Coverage,onetoone.Users.dto,CreateCounsellorRequest,3,0,0,0,1,0,1,0,1,0
System Test Coverage,onetoone.Appointments.dto,AppointmentRequest,0,3,0,0,0,1,0,1,0,1
System Test Coverage,onetoone.Appointments.dto,AppointmentResponse,0,3,0,0,0,1,0,1,0,1
System Test Coverage,onetoone.Assignments,UserCounsellorAssignmentController,19,193,2,6,3,40,4,9,2,7
System Test Coverage,onetoone.Assignments,UserCounsellorAssignment,6,14,0,0,2,4,2,4,2,4
System Test Coverage,onetoone.Notes,NoteService,35,177,7,9,3,37,9,11,2,10
System Test Coverage,onetoone.Notes,Note,7,79,0,0,2,25,2,20,2,20
System Test Coverage,onetoone.Notes,NoteController,0,79,0,0,0,19,0,9,0,9
System Test Coverage,onetoone.Tasks,TaskController,4,115,4,8,1,31,4,7,0,5
System Test Coverage,onetoone.Tasks,TaskStatus,0,69,1,5,0,12,1,6,0,4
System Test Coverage,onetoone.Tasks,Task,14,61,0,0,5,21,4,12,4,12
System Test Coverage,onetoone.Tasks,TaskService,30,205,8,8,6,45,7,10,0,9
System Test Coverage,onetoone.Appointments,AppointmentService,63,189,3,1,9,42,4,9,2,9
System Test Coverage,onetoone.Appointments,AppointmentController,0,61,0,0,0,12,0,7,0,7
System Test Coverage,onetoone.Appointments,Appointment,0,51,0,0,0,15,0,14,0,14
System Test Coverage,onetoone.Notes.dto,NoteCreateRequest,0,31,0,0,0,9,0,9,0,9
System Test Coverage,onetoone.Notes.dto,NoteUpdateRequest,0,31,0,0,0,9,0,9,0,9
System Test Coverage,onetoone.Notes.dto,NoteShareRequest,0,10,0,0,0,3,0,3,0,3
System Test Coverage,onetoone.Notes.dto,NoteResponse,1,107,1,3,0,28,1,15,0,14
System Test Coverage,onetoone.realtime_chat.dto,ChatMessageResponse,0,61,0,0,0,18,0,9,0,9
System Test Coverage,onetoone.realtime_chat.dto,ChatMessageRequest,0,59,0,0,0,17,0,17,0,17
System Test Coverage,onetoone.AiChat.dto,AiChatResponse,3,31,0,0,1,10,1,5,1,5
System Test Coverage,onetoone.AiChat.dto,AiChatRequest,0,10,0,0,0,3,0,3,0,3
System Test Coverage,onetoone.AiChat,AiChatController,0,27,0,0,0,6,0,4,0,4
System Test Coverage,onetoone.AiChat,AiChatMessage,19,30,0,0,5,11,5,6,5,6
System Test Coverage,onetoone.AiChat,AiChatService,57,309,13,13,10,55,7,15,0,9
System Test Coverage,onetoone.SleepTracker,SleepService,9,39,0,0,2,7,1,4,1,4
System Test Coverage,onetoone.SleepTracker,SleepRecord,12,27,0,0,3,10,3,6,3,6
System Test Coverage,onetoone.SleepTracker,SleepController,0,53,0,4,0,13,0,5,0,3
System Test Coverage,onetoone.realtime_chat,ChatService,22,61,1,1,1,15,4,3,3,3
System Test Coverage,onetoone.realtime_chat,ChatServer,64,512,13,30,17,123,14,22,1,12
System Test Coverage,onetoone.realtime_chat,WebConfig,0,20,0,0,0,4,0,2,0,2
System Test Coverage,onetoone.realtime_chat,WebSocketConfig,0,7,0,0,0,2,0,2,0,2
System Test Coverage,onetoone.realtime_chat,ChatMessage,0,55,0,0,0,16,0,16,0,16
System Test Coverage,onetoone.realtime_chat,ChatController,15,101,3,3,3,24,3,5,0,5
System Test Coverage,onetoone.Users,Role,0,21,0,0,0,4,0,1,0,1
System Test Coverage,onetoone.Users,LoginRequest,0,24,0,0,0,7,0,7,0,7
System Test Coverage,onetoone.Users,LoginResponse,0,33,0,0,0,12,0,6,0,6
System Test Coverage,onetoone.Users,UserAdminController,154,16,19,1,33,6,14,2,4,2
System Test Coverage,onetoone.Users,DailyCheckIn,4,41,0,0,2,17,1,12,1,12
System Test Coverage,onetoone.Users,User,29,61,0,0,10,25,3,16,3,16
System Test Coverage,onetoone.Users,UserResponse,0,15,0,0,0,6,0,3,0,3
System Test Coverage,onetoone.Users,UserController,75,490,14,40,18,115,15,29,1,16
System Test Coverage,onetoone.Users,ApiError,33,0,0,0,12,0,6,0,6,0
System Test Coverage,onetoone.Counsellors.dto,CounsellorProfileRequest,3,0,0,0,1,0,1,0,1,0
System Test Coverage,onetoone.Counsellors.dto,CounsellorProfileResponse,0,3,0,0,0,1,0,1,0,1
